
2018-11-17 14:46:50
[ERROR]-[Thread: qtp1039949752-20]-[com.jfinal.core.ActionHandler.handle()]: /
com.jfinal.plugin.activerecord.ActiveRecordException: java.sql.SQLException: Parameter index out of range (1 > number of parameters, which is 0).
	at com.jfinal.plugin.activerecord.Model.find(Model.java:662)
	at com.cdqblog.dao.HotArticleDAO.getHotArticleByRandom(HotArticleDAO.java:15)
	at com.cdqblog.service.impl.HotArticleServiceImpl.getHotArticle(HotArticleServiceImpl.java:20)
	at com.cdqblog.service.impl.HotArticleServiceImpl$$EnhancerByCGLIB$$a26ed608.CGLIB$getHotArticle$0(<generated>)
	at com.cdqblog.service.impl.HotArticleServiceImpl$$EnhancerByCGLIB$$a26ed608$$FastClassByCGLIB$$c30143e0.invoke(<generated>)
	at net.sf.cglib.proxy.MethodProxy.invokeSuper(MethodProxy.java:228)
	at com.jfinal.aop.Invocation.invoke(Invocation.java:84)
	at com.jfinal.aop.Callback.intercept(Callback.java:96)
	at com.cdqblog.service.impl.HotArticleServiceImpl$$EnhancerByCGLIB$$a26ed608.getHotArticle(<generated>)
	at com.cdqblog.controller.IndexController.index(IndexController.java:26)
	at java.base/jdk.internal.reflect.NativeMethodAccessorImpl.invoke0(Native Method)
	at java.base/jdk.internal.reflect.NativeMethodAccessorImpl.invoke(NativeMethodAccessorImpl.java:62)
	at java.base/jdk.internal.reflect.DelegatingMethodAccessorImpl.invoke(DelegatingMethodAccessorImpl.java:43)
	at java.base/java.lang.reflect.Method.invoke(Method.java:564)
	at com.jfinal.aop.Invocation.invoke(Invocation.java:75)
	at com.jfinal.core.ActionHandler.handle(ActionHandler.java:81)
	at com.jfinal.core.JFinalFilter.doFilter(JFinalFilter.java:86)
	at org.eclipse.jetty.servlet.ServletHandler$CachedChain.doFilter(ServletHandler.java:1634)
	at org.eclipse.jetty.servlet.ServletHandler.doHandle(ServletHandler.java:533)
	at org.eclipse.jetty.server.handler.ScopedHandler.handle(ScopedHandler.java:146)
	at org.eclipse.jetty.security.SecurityHandler.handle(SecurityHandler.java:548)
	at org.eclipse.jetty.server.handler.HandlerWrapper.handle(HandlerWrapper.java:132)
	at org.eclipse.jetty.server.handler.ScopedHandler.nextHandle(ScopedHandler.java:257)
	at org.eclipse.jetty.server.session.SessionHandler.doHandle(SessionHandler.java:1595)
	at org.eclipse.jetty.server.handler.ScopedHandler.nextHandle(ScopedHandler.java:255)
	at org.eclipse.jetty.server.handler.ContextHandler.doHandle(ContextHandler.java:1340)
	at org.eclipse.jetty.server.handler.ScopedHandler.nextScope(ScopedHandler.java:203)
	at org.eclipse.jetty.servlet.ServletHandler.doScope(ServletHandler.java:473)
	at org.eclipse.jetty.server.session.SessionHandler.doScope(SessionHandler.java:1564)
	at org.eclipse.jetty.server.handler.ScopedHandler.nextScope(ScopedHandler.java:201)
	at org.eclipse.jetty.server.handler.ContextHandler.doScope(ContextHandler.java:1242)
	at org.eclipse.jetty.server.handler.ScopedHandler.handle(ScopedHandler.java:144)
	at org.eclipse.jetty.server.handler.HandlerWrapper.handle(HandlerWrapper.java:132)
	at org.eclipse.jetty.server.Server.handle(Server.java:503)
	at org.eclipse.jetty.server.HttpChannel.handle(HttpChannel.java:364)
	at org.eclipse.jetty.server.HttpConnection.onFillable(HttpConnection.java:260)
	at org.eclipse.jetty.io.AbstractConnection$ReadCallback.succeeded(AbstractConnection.java:305)
	at org.eclipse.jetty.io.FillInterest.fillable(FillInterest.java:103)
	at org.eclipse.jetty.io.ChannelEndPoint$2.run(ChannelEndPoint.java:118)
	at org.eclipse.jetty.util.thread.QueuedThreadPool.runJob(QueuedThreadPool.java:765)
	at org.eclipse.jetty.util.thread.QueuedThreadPool$2.run(QueuedThreadPool.java:683)
	at java.base/java.lang.Thread.run(Thread.java:844)
Caused by: java.sql.SQLException: Parameter index out of range (1 > number of parameters, which is 0).
	at com.mysql.jdbc.SQLError.createSQLException(SQLError.java:964)
	at com.mysql.jdbc.SQLError.createSQLException(SQLError.java:897)
	at com.mysql.jdbc.SQLError.createSQLException(SQLError.java:886)
	at com.mysql.jdbc.SQLError.createSQLException(SQLError.java:860)
	at com.mysql.jdbc.PreparedStatement.checkBounds(PreparedStatement.java:3327)
	at com.mysql.jdbc.PreparedStatement.setInternal(PreparedStatement.java:3312)
	at com.mysql.jdbc.PreparedStatement.setString(PreparedStatement.java:4027)
	at com.mysql.jdbc.PreparedStatement.setObject(PreparedStatement.java:3531)
	at com.mysql.jdbc.JDBC42PreparedStatement.setObject(JDBC42PreparedStatement.java:68)
	at com.alibaba.druid.pool.DruidPooledPreparedStatement.setObject(DruidPooledPreparedStatement.java:476)
	at com.jfinal.plugin.activerecord.dialect.Dialect.fillStatement(Dialect.java:226)
	at com.jfinal.plugin.activerecord.Model.find(Model.java:642)
	at com.jfinal.plugin.activerecord.Model.find(Model.java:660)
	... 41 more

2018-11-17 15:17:42
[ERROR]-[Thread: qtp1039949752-19]-[com.jfinal.core.ActionHandler.handle()]: /
com.jfinal.plugin.activerecord.ActiveRecordException: com.mysql.jdbc.exceptions.jdbc4.MySQLSyntaxErrorException: You have an error in your SQL syntax; check the manual that corresponds to your MySQL server version for the right syntax to use near 't1.id >= t2.idORDER BY t1.id LIMIT 1' at line 1
	at com.jfinal.plugin.activerecord.Model.find(Model.java:662)
	at com.jfinal.plugin.activerecord.Model.find(Model.java:672)
	at com.cdqblog.dao.HotArticleDAO.getHotArticleByRandom(HotArticleDAO.java:15)
	at com.cdqblog.service.impl.HotArticleServiceImpl.getHotArticle(HotArticleServiceImpl.java:20)
	at com.cdqblog.service.impl.HotArticleServiceImpl$$EnhancerByCGLIB$$a26ed608.CGLIB$getHotArticle$0(<generated>)
	at com.cdqblog.service.impl.HotArticleServiceImpl$$EnhancerByCGLIB$$a26ed608$$FastClassByCGLIB$$c30143e0.invoke(<generated>)
	at net.sf.cglib.proxy.MethodProxy.invokeSuper(MethodProxy.java:228)
	at com.jfinal.aop.Invocation.invoke(Invocation.java:84)
	at com.jfinal.aop.Callback.intercept(Callback.java:96)
	at com.cdqblog.service.impl.HotArticleServiceImpl$$EnhancerByCGLIB$$a26ed608.getHotArticle(<generated>)
	at com.cdqblog.controller.IndexController.index(IndexController.java:26)
	at java.base/jdk.internal.reflect.NativeMethodAccessorImpl.invoke0(Native Method)
	at java.base/jdk.internal.reflect.NativeMethodAccessorImpl.invoke(NativeMethodAccessorImpl.java:62)
	at java.base/jdk.internal.reflect.DelegatingMethodAccessorImpl.invoke(DelegatingMethodAccessorImpl.java:43)
	at java.base/java.lang.reflect.Method.invoke(Method.java:564)
	at com.jfinal.aop.Invocation.invoke(Invocation.java:75)
	at com.jfinal.core.ActionHandler.handle(ActionHandler.java:81)
	at com.jfinal.core.JFinalFilter.doFilter(JFinalFilter.java:86)
	at org.eclipse.jetty.servlet.ServletHandler$CachedChain.doFilter(ServletHandler.java:1634)
	at org.eclipse.jetty.servlet.ServletHandler.doHandle(ServletHandler.java:533)
	at org.eclipse.jetty.server.handler.ScopedHandler.handle(ScopedHandler.java:146)
	at org.eclipse.jetty.security.SecurityHandler.handle(SecurityHandler.java:548)
	at org.eclipse.jetty.server.handler.HandlerWrapper.handle(HandlerWrapper.java:132)
	at org.eclipse.jetty.server.handler.ScopedHandler.nextHandle(ScopedHandler.java:257)
	at org.eclipse.jetty.server.session.SessionHandler.doHandle(SessionHandler.java:1595)
	at org.eclipse.jetty.server.handler.ScopedHandler.nextHandle(ScopedHandler.java:255)
	at org.eclipse.jetty.server.handler.ContextHandler.doHandle(ContextHandler.java:1340)
	at org.eclipse.jetty.server.handler.ScopedHandler.nextScope(ScopedHandler.java:203)
	at org.eclipse.jetty.servlet.ServletHandler.doScope(ServletHandler.java:473)
	at org.eclipse.jetty.server.session.SessionHandler.doScope(SessionHandler.java:1564)
	at org.eclipse.jetty.server.handler.ScopedHandler.nextScope(ScopedHandler.java:201)
	at org.eclipse.jetty.server.handler.ContextHandler.doScope(ContextHandler.java:1242)
	at org.eclipse.jetty.server.handler.ScopedHandler.handle(ScopedHandler.java:144)
	at org.eclipse.jetty.server.handler.HandlerWrapper.handle(HandlerWrapper.java:132)
	at org.eclipse.jetty.server.Server.handle(Server.java:503)
	at org.eclipse.jetty.server.HttpChannel.handle(HttpChannel.java:364)
	at org.eclipse.jetty.server.HttpConnection.onFillable(HttpConnection.java:260)
	at org.eclipse.jetty.io.AbstractConnection$ReadCallback.succeeded(AbstractConnection.java:305)
	at org.eclipse.jetty.io.FillInterest.fillable(FillInterest.java:103)
	at org.eclipse.jetty.io.ChannelEndPoint$2.run(ChannelEndPoint.java:118)
	at org.eclipse.jetty.util.thread.QueuedThreadPool.runJob(QueuedThreadPool.java:765)
	at org.eclipse.jetty.util.thread.QueuedThreadPool$2.run(QueuedThreadPool.java:683)
	at java.base/java.lang.Thread.run(Thread.java:844)
Caused by: com.mysql.jdbc.exceptions.jdbc4.MySQLSyntaxErrorException: You have an error in your SQL syntax; check the manual that corresponds to your MySQL server version for the right syntax to use near 't1.id >= t2.idORDER BY t1.id LIMIT 1' at line 1
	at java.base/jdk.internal.reflect.NativeConstructorAccessorImpl.newInstance0(Native Method)
	at java.base/jdk.internal.reflect.NativeConstructorAccessorImpl.newInstance(NativeConstructorAccessorImpl.java:62)
	at java.base/jdk.internal.reflect.DelegatingConstructorAccessorImpl.newInstance(DelegatingConstructorAccessorImpl.java:45)
	at java.base/java.lang.reflect.Constructor.newInstance(Constructor.java:488)
	at com.mysql.jdbc.Util.handleNewInstance(Util.java:425)
	at com.mysql.jdbc.Util.getInstance(Util.java:408)
	at com.mysql.jdbc.SQLError.createSQLException(SQLError.java:943)
	at com.mysql.jdbc.MysqlIO.checkErrorPacket(MysqlIO.java:3973)
	at com.mysql.jdbc.MysqlIO.checkErrorPacket(MysqlIO.java:3909)
	at com.mysql.jdbc.MysqlIO.sendCommand(MysqlIO.java:2527)
	at com.mysql.jdbc.MysqlIO.sqlQueryDirect(MysqlIO.java:2680)
	at com.mysql.jdbc.ConnectionImpl.execSQL(ConnectionImpl.java:2487)
	at com.mysql.jdbc.PreparedStatement.executeInternal(PreparedStatement.java:1858)
	at com.mysql.jdbc.PreparedStatement.executeQuery(PreparedStatement.java:1966)
	at com.alibaba.druid.pool.DruidPooledPreparedStatement.executeQuery(DruidPooledPreparedStatement.java:227)
	at com.jfinal.plugin.activerecord.Model.find(Model.java:643)
	at com.jfinal.plugin.activerecord.Model.find(Model.java:660)
	... 42 more

2018-11-17 15:19:12
[ERROR]-[Thread: qtp1297149880-23]-[com.jfinal.core.ActionHandler.handle()]: /
com.jfinal.plugin.activerecord.ActiveRecordException: com.mysql.jdbc.exceptions.jdbc4.MySQLSyntaxErrorException: You have an error in your SQL syntax; check the manual that corresponds to your MySQL server version for the right syntax to use near 't1.id >= t2.id ORDER BY t1.id LIMIT 1' at line 1
	at com.jfinal.plugin.activerecord.Model.find(Model.java:662)
	at com.jfinal.plugin.activerecord.Model.find(Model.java:672)
	at com.cdqblog.dao.HotArticleDAO.getHotArticleByRandom(HotArticleDAO.java:15)
	at com.cdqblog.service.impl.HotArticleServiceImpl.getHotArticle(HotArticleServiceImpl.java:20)
	at com.cdqblog.service.impl.HotArticleServiceImpl$$EnhancerByCGLIB$$a26ed608.CGLIB$getHotArticle$0(<generated>)
	at com.cdqblog.service.impl.HotArticleServiceImpl$$EnhancerByCGLIB$$a26ed608$$FastClassByCGLIB$$c30143e0.invoke(<generated>)
	at net.sf.cglib.proxy.MethodProxy.invokeSuper(MethodProxy.java:228)
	at com.jfinal.aop.Invocation.invoke(Invocation.java:84)
	at com.jfinal.aop.Callback.intercept(Callback.java:96)
	at com.cdqblog.service.impl.HotArticleServiceImpl$$EnhancerByCGLIB$$a26ed608.getHotArticle(<generated>)
	at com.cdqblog.controller.IndexController.index(IndexController.java:26)
	at java.base/jdk.internal.reflect.NativeMethodAccessorImpl.invoke0(Native Method)
	at java.base/jdk.internal.reflect.NativeMethodAccessorImpl.invoke(NativeMethodAccessorImpl.java:62)
	at java.base/jdk.internal.reflect.DelegatingMethodAccessorImpl.invoke(DelegatingMethodAccessorImpl.java:43)
	at java.base/java.lang.reflect.Method.invoke(Method.java:564)
	at com.jfinal.aop.Invocation.invoke(Invocation.java:75)
	at com.jfinal.core.ActionHandler.handle(ActionHandler.java:81)
	at com.jfinal.core.JFinalFilter.doFilter(JFinalFilter.java:86)
	at org.eclipse.jetty.servlet.ServletHandler$CachedChain.doFilter(ServletHandler.java:1634)
	at org.eclipse.jetty.servlet.ServletHandler.doHandle(ServletHandler.java:533)
	at org.eclipse.jetty.server.handler.ScopedHandler.handle(ScopedHandler.java:146)
	at org.eclipse.jetty.security.SecurityHandler.handle(SecurityHandler.java:548)
	at org.eclipse.jetty.server.handler.HandlerWrapper.handle(HandlerWrapper.java:132)
	at org.eclipse.jetty.server.handler.ScopedHandler.nextHandle(ScopedHandler.java:257)
	at org.eclipse.jetty.server.session.SessionHandler.doHandle(SessionHandler.java:1595)
	at org.eclipse.jetty.server.handler.ScopedHandler.nextHandle(ScopedHandler.java:255)
	at org.eclipse.jetty.server.handler.ContextHandler.doHandle(ContextHandler.java:1340)
	at org.eclipse.jetty.server.handler.ScopedHandler.nextScope(ScopedHandler.java:203)
	at org.eclipse.jetty.servlet.ServletHandler.doScope(ServletHandler.java:473)
	at org.eclipse.jetty.server.session.SessionHandler.doScope(SessionHandler.java:1564)
	at org.eclipse.jetty.server.handler.ScopedHandler.nextScope(ScopedHandler.java:201)
	at org.eclipse.jetty.server.handler.ContextHandler.doScope(ContextHandler.java:1242)
	at org.eclipse.jetty.server.handler.ScopedHandler.handle(ScopedHandler.java:144)
	at org.eclipse.jetty.server.handler.HandlerWrapper.handle(HandlerWrapper.java:132)
	at org.eclipse.jetty.server.Server.handle(Server.java:503)
	at org.eclipse.jetty.server.HttpChannel.handle(HttpChannel.java:364)
	at org.eclipse.jetty.server.HttpConnection.onFillable(HttpConnection.java:260)
	at org.eclipse.jetty.io.AbstractConnection$ReadCallback.succeeded(AbstractConnection.java:305)
	at org.eclipse.jetty.io.FillInterest.fillable(FillInterest.java:103)
	at org.eclipse.jetty.io.ChannelEndPoint$2.run(ChannelEndPoint.java:118)
	at org.eclipse.jetty.util.thread.QueuedThreadPool.runJob(QueuedThreadPool.java:765)
	at org.eclipse.jetty.util.thread.QueuedThreadPool$2.run(QueuedThreadPool.java:683)
	at java.base/java.lang.Thread.run(Thread.java:844)
Caused by: com.mysql.jdbc.exceptions.jdbc4.MySQLSyntaxErrorException: You have an error in your SQL syntax; check the manual that corresponds to your MySQL server version for the right syntax to use near 't1.id >= t2.id ORDER BY t1.id LIMIT 1' at line 1
	at java.base/jdk.internal.reflect.NativeConstructorAccessorImpl.newInstance0(Native Method)
	at java.base/jdk.internal.reflect.NativeConstructorAccessorImpl.newInstance(NativeConstructorAccessorImpl.java:62)
	at java.base/jdk.internal.reflect.DelegatingConstructorAccessorImpl.newInstance(DelegatingConstructorAccessorImpl.java:45)
	at java.base/java.lang.reflect.Constructor.newInstance(Constructor.java:488)
	at com.mysql.jdbc.Util.handleNewInstance(Util.java:425)
	at com.mysql.jdbc.Util.getInstance(Util.java:408)
	at com.mysql.jdbc.SQLError.createSQLException(SQLError.java:943)
	at com.mysql.jdbc.MysqlIO.checkErrorPacket(MysqlIO.java:3973)
	at com.mysql.jdbc.MysqlIO.checkErrorPacket(MysqlIO.java:3909)
	at com.mysql.jdbc.MysqlIO.sendCommand(MysqlIO.java:2527)
	at com.mysql.jdbc.MysqlIO.sqlQueryDirect(MysqlIO.java:2680)
	at com.mysql.jdbc.ConnectionImpl.execSQL(ConnectionImpl.java:2487)
	at com.mysql.jdbc.PreparedStatement.executeInternal(PreparedStatement.java:1858)
	at com.mysql.jdbc.PreparedStatement.executeQuery(PreparedStatement.java:1966)
	at com.alibaba.druid.pool.DruidPooledPreparedStatement.executeQuery(DruidPooledPreparedStatement.java:227)
	at com.jfinal.plugin.activerecord.Model.find(Model.java:643)
	at com.jfinal.plugin.activerecord.Model.find(Model.java:660)
	... 42 more

2018-11-17 15:23:51
[ERROR]-[Thread: qtp1039949752-23]-[com.jfinal.core.ActionHandler.handle()]: /
com.jfinal.plugin.activerecord.ActiveRecordException: com.mysql.jdbc.exceptions.jdbc4.MySQLSyntaxErrorException: You have an error in your SQL syntax; check the manual that corresponds to your MySQL server version for the right syntax to use near 't1.id >= t2.id ORDER BY t1.id LIMIT 1' at line 1
	at com.jfinal.plugin.activerecord.Model.find(Model.java:662)
	at com.cdqblog.dao.HotArticleDAO.getHotArticleByRandom(HotArticleDAO.java:15)
	at com.cdqblog.service.impl.HotArticleServiceImpl.getHotArticle(HotArticleServiceImpl.java:20)
	at com.cdqblog.service.impl.HotArticleServiceImpl$$EnhancerByCGLIB$$a26ed608.CGLIB$getHotArticle$0(<generated>)
	at com.cdqblog.service.impl.HotArticleServiceImpl$$EnhancerByCGLIB$$a26ed608$$FastClassByCGLIB$$c30143e0.invoke(<generated>)
	at net.sf.cglib.proxy.MethodProxy.invokeSuper(MethodProxy.java:228)
	at com.jfinal.aop.Invocation.invoke(Invocation.java:84)
	at com.jfinal.aop.Callback.intercept(Callback.java:96)
	at com.cdqblog.service.impl.HotArticleServiceImpl$$EnhancerByCGLIB$$a26ed608.getHotArticle(<generated>)
	at com.cdqblog.controller.IndexController.index(IndexController.java:26)
	at java.base/jdk.internal.reflect.NativeMethodAccessorImpl.invoke0(Native Method)
	at java.base/jdk.internal.reflect.NativeMethodAccessorImpl.invoke(NativeMethodAccessorImpl.java:62)
	at java.base/jdk.internal.reflect.DelegatingMethodAccessorImpl.invoke(DelegatingMethodAccessorImpl.java:43)
	at java.base/java.lang.reflect.Method.invoke(Method.java:564)
	at com.jfinal.aop.Invocation.invoke(Invocation.java:75)
	at com.jfinal.core.ActionHandler.handle(ActionHandler.java:81)
	at com.jfinal.core.JFinalFilter.doFilter(JFinalFilter.java:86)
	at org.eclipse.jetty.servlet.ServletHandler$CachedChain.doFilter(ServletHandler.java:1634)
	at org.eclipse.jetty.servlet.ServletHandler.doHandle(ServletHandler.java:533)
	at org.eclipse.jetty.server.handler.ScopedHandler.handle(ScopedHandler.java:146)
	at org.eclipse.jetty.security.SecurityHandler.handle(SecurityHandler.java:548)
	at org.eclipse.jetty.server.handler.HandlerWrapper.handle(HandlerWrapper.java:132)
	at org.eclipse.jetty.server.handler.ScopedHandler.nextHandle(ScopedHandler.java:257)
	at org.eclipse.jetty.server.session.SessionHandler.doHandle(SessionHandler.java:1595)
	at org.eclipse.jetty.server.handler.ScopedHandler.nextHandle(ScopedHandler.java:255)
	at org.eclipse.jetty.server.handler.ContextHandler.doHandle(ContextHandler.java:1340)
	at org.eclipse.jetty.server.handler.ScopedHandler.nextScope(ScopedHandler.java:203)
	at org.eclipse.jetty.servlet.ServletHandler.doScope(ServletHandler.java:473)
	at org.eclipse.jetty.server.session.SessionHandler.doScope(SessionHandler.java:1564)
	at org.eclipse.jetty.server.handler.ScopedHandler.nextScope(ScopedHandler.java:201)
	at org.eclipse.jetty.server.handler.ContextHandler.doScope(ContextHandler.java:1242)
	at org.eclipse.jetty.server.handler.ScopedHandler.handle(ScopedHandler.java:144)
	at org.eclipse.jetty.server.handler.HandlerWrapper.handle(HandlerWrapper.java:132)
	at org.eclipse.jetty.server.Server.handle(Server.java:503)
	at org.eclipse.jetty.server.HttpChannel.handle(HttpChannel.java:364)
	at org.eclipse.jetty.server.HttpConnection.onFillable(HttpConnection.java:260)
	at org.eclipse.jetty.io.AbstractConnection$ReadCallback.succeeded(AbstractConnection.java:305)
	at org.eclipse.jetty.io.FillInterest.fillable(FillInterest.java:103)
	at org.eclipse.jetty.io.ChannelEndPoint$2.run(ChannelEndPoint.java:118)
	at org.eclipse.jetty.util.thread.QueuedThreadPool.runJob(QueuedThreadPool.java:765)
	at org.eclipse.jetty.util.thread.QueuedThreadPool$2.run(QueuedThreadPool.java:683)
	at java.base/java.lang.Thread.run(Thread.java:844)
Caused by: com.mysql.jdbc.exceptions.jdbc4.MySQLSyntaxErrorException: You have an error in your SQL syntax; check the manual that corresponds to your MySQL server version for the right syntax to use near 't1.id >= t2.id ORDER BY t1.id LIMIT 1' at line 1
	at java.base/jdk.internal.reflect.NativeConstructorAccessorImpl.newInstance0(Native Method)
	at java.base/jdk.internal.reflect.NativeConstructorAccessorImpl.newInstance(NativeConstructorAccessorImpl.java:62)
	at java.base/jdk.internal.reflect.DelegatingConstructorAccessorImpl.newInstance(DelegatingConstructorAccessorImpl.java:45)
	at java.base/java.lang.reflect.Constructor.newInstance(Constructor.java:488)
	at com.mysql.jdbc.Util.handleNewInstance(Util.java:425)
	at com.mysql.jdbc.Util.getInstance(Util.java:408)
	at com.mysql.jdbc.SQLError.createSQLException(SQLError.java:943)
	at com.mysql.jdbc.MysqlIO.checkErrorPacket(MysqlIO.java:3973)
	at com.mysql.jdbc.MysqlIO.checkErrorPacket(MysqlIO.java:3909)
	at com.mysql.jdbc.MysqlIO.sendCommand(MysqlIO.java:2527)
	at com.mysql.jdbc.MysqlIO.sqlQueryDirect(MysqlIO.java:2680)
	at com.mysql.jdbc.ConnectionImpl.execSQL(ConnectionImpl.java:2487)
	at com.mysql.jdbc.PreparedStatement.executeInternal(PreparedStatement.java:1858)
	at com.mysql.jdbc.PreparedStatement.executeQuery(PreparedStatement.java:1966)
	at com.alibaba.druid.pool.DruidPooledPreparedStatement.executeQuery(DruidPooledPreparedStatement.java:227)
	at com.jfinal.plugin.activerecord.Model.find(Model.java:643)
	at com.jfinal.plugin.activerecord.Model.find(Model.java:660)
	... 41 more

2018-11-17 15:34:08
[ERROR]-[Thread: qtp1039949752-17]-[com.jfinal.core.ActionHandler.handle()]: /
com.jfinal.plugin.activerecord.ActiveRecordException: java.sql.SQLException: Parameter index out of range (1 > number of parameters, which is 0).
	at com.jfinal.plugin.activerecord.Model.find(Model.java:662)
	at com.cdqblog.dao.ArticleDAO.getArticleByHotArticle(ArticleDAO.java:16)
	at com.cdqblog.service.impl.ArticleServiceImpl.getArticleById(ArticleServiceImpl.java:25)
	at com.cdqblog.service.impl.ArticleServiceImpl$$EnhancerByCGLIB$$a5124cc1.CGLIB$getArticleById$1(<generated>)
	at com.cdqblog.service.impl.ArticleServiceImpl$$EnhancerByCGLIB$$a5124cc1$$FastClassByCGLIB$$75cbb40d.invoke(<generated>)
	at net.sf.cglib.proxy.MethodProxy.invokeSuper(MethodProxy.java:228)
	at com.jfinal.aop.Invocation.invoke(Invocation.java:84)
	at com.jfinal.aop.Callback.intercept(Callback.java:96)
	at com.cdqblog.service.impl.ArticleServiceImpl$$EnhancerByCGLIB$$a5124cc1.getArticleById(<generated>)
	at com.cdqblog.controller.IndexController.index(IndexController.java:28)
	at java.base/jdk.internal.reflect.NativeMethodAccessorImpl.invoke0(Native Method)
	at java.base/jdk.internal.reflect.NativeMethodAccessorImpl.invoke(NativeMethodAccessorImpl.java:62)
	at java.base/jdk.internal.reflect.DelegatingMethodAccessorImpl.invoke(DelegatingMethodAccessorImpl.java:43)
	at java.base/java.lang.reflect.Method.invoke(Method.java:564)
	at com.jfinal.aop.Invocation.invoke(Invocation.java:75)
	at com.jfinal.core.ActionHandler.handle(ActionHandler.java:81)
	at com.jfinal.core.JFinalFilter.doFilter(JFinalFilter.java:86)
	at org.eclipse.jetty.servlet.ServletHandler$CachedChain.doFilter(ServletHandler.java:1634)
	at org.eclipse.jetty.servlet.ServletHandler.doHandle(ServletHandler.java:533)
	at org.eclipse.jetty.server.handler.ScopedHandler.handle(ScopedHandler.java:146)
	at org.eclipse.jetty.security.SecurityHandler.handle(SecurityHandler.java:548)
	at org.eclipse.jetty.server.handler.HandlerWrapper.handle(HandlerWrapper.java:132)
	at org.eclipse.jetty.server.handler.ScopedHandler.nextHandle(ScopedHandler.java:257)
	at org.eclipse.jetty.server.session.SessionHandler.doHandle(SessionHandler.java:1595)
	at org.eclipse.jetty.server.handler.ScopedHandler.nextHandle(ScopedHandler.java:255)
	at org.eclipse.jetty.server.handler.ContextHandler.doHandle(ContextHandler.java:1340)
	at org.eclipse.jetty.server.handler.ScopedHandler.nextScope(ScopedHandler.java:203)
	at org.eclipse.jetty.servlet.ServletHandler.doScope(ServletHandler.java:473)
	at org.eclipse.jetty.server.session.SessionHandler.doScope(SessionHandler.java:1564)
	at org.eclipse.jetty.server.handler.ScopedHandler.nextScope(ScopedHandler.java:201)
	at org.eclipse.jetty.server.handler.ContextHandler.doScope(ContextHandler.java:1242)
	at org.eclipse.jetty.server.handler.ScopedHandler.handle(ScopedHandler.java:144)
	at org.eclipse.jetty.server.handler.HandlerWrapper.handle(HandlerWrapper.java:132)
	at org.eclipse.jetty.server.Server.handle(Server.java:503)
	at org.eclipse.jetty.server.HttpChannel.handle(HttpChannel.java:364)
	at org.eclipse.jetty.server.HttpConnection.onFillable(HttpConnection.java:260)
	at org.eclipse.jetty.io.AbstractConnection$ReadCallback.succeeded(AbstractConnection.java:305)
	at org.eclipse.jetty.io.FillInterest.fillable(FillInterest.java:103)
	at org.eclipse.jetty.io.ChannelEndPoint$2.run(ChannelEndPoint.java:118)
	at org.eclipse.jetty.util.thread.QueuedThreadPool.runJob(QueuedThreadPool.java:765)
	at org.eclipse.jetty.util.thread.QueuedThreadPool$2.run(QueuedThreadPool.java:683)
	at java.base/java.lang.Thread.run(Thread.java:844)
Caused by: java.sql.SQLException: Parameter index out of range (1 > number of parameters, which is 0).
	at com.mysql.jdbc.SQLError.createSQLException(SQLError.java:964)
	at com.mysql.jdbc.SQLError.createSQLException(SQLError.java:897)
	at com.mysql.jdbc.SQLError.createSQLException(SQLError.java:886)
	at com.mysql.jdbc.SQLError.createSQLException(SQLError.java:860)
	at com.mysql.jdbc.PreparedStatement.checkBounds(PreparedStatement.java:3327)
	at com.mysql.jdbc.PreparedStatement.setInternal(PreparedStatement.java:3312)
	at com.mysql.jdbc.PreparedStatement.setString(PreparedStatement.java:4027)
	at com.mysql.jdbc.PreparedStatement.setObject(PreparedStatement.java:3531)
	at com.mysql.jdbc.JDBC42PreparedStatement.setObject(JDBC42PreparedStatement.java:68)
	at com.alibaba.druid.pool.DruidPooledPreparedStatement.setObject(DruidPooledPreparedStatement.java:476)
	at com.jfinal.plugin.activerecord.dialect.Dialect.fillStatement(Dialect.java:226)
	at com.jfinal.plugin.activerecord.Model.find(Model.java:642)
	at com.jfinal.plugin.activerecord.Model.find(Model.java:660)
	... 41 more

2018-11-17 15:34:27
[ERROR]-[Thread: qtp1039949752-17]-[com.jfinal.core.ActionHandler.handle()]: /
com.jfinal.plugin.activerecord.ActiveRecordException: java.sql.SQLException: Parameter index out of range (1 > number of parameters, which is 0).
	at com.jfinal.plugin.activerecord.Model.find(Model.java:662)
	at com.cdqblog.dao.ArticleDAO.getArticleByHotArticle(ArticleDAO.java:16)
	at com.cdqblog.service.impl.ArticleServiceImpl.getArticleById(ArticleServiceImpl.java:25)
	at com.cdqblog.service.impl.ArticleServiceImpl$$EnhancerByCGLIB$$a5124cc1.CGLIB$getArticleById$0(<generated>)
	at com.cdqblog.service.impl.ArticleServiceImpl$$EnhancerByCGLIB$$a5124cc1$$FastClassByCGLIB$$75cbb40d.invoke(<generated>)
	at net.sf.cglib.proxy.MethodProxy.invokeSuper(MethodProxy.java:228)
	at com.jfinal.aop.Invocation.invoke(Invocation.java:84)
	at com.jfinal.aop.Callback.intercept(Callback.java:96)
	at com.cdqblog.service.impl.ArticleServiceImpl$$EnhancerByCGLIB$$a5124cc1.getArticleById(<generated>)
	at com.cdqblog.controller.IndexController.index(IndexController.java:28)
	at java.base/jdk.internal.reflect.NativeMethodAccessorImpl.invoke0(Native Method)
	at java.base/jdk.internal.reflect.NativeMethodAccessorImpl.invoke(NativeMethodAccessorImpl.java:62)
	at java.base/jdk.internal.reflect.DelegatingMethodAccessorImpl.invoke(DelegatingMethodAccessorImpl.java:43)
	at java.base/java.lang.reflect.Method.invoke(Method.java:564)
	at com.jfinal.aop.Invocation.invoke(Invocation.java:75)
	at com.jfinal.core.ActionHandler.handle(ActionHandler.java:81)
	at com.jfinal.core.JFinalFilter.doFilter(JFinalFilter.java:86)
	at org.eclipse.jetty.servlet.ServletHandler$CachedChain.doFilter(ServletHandler.java:1634)
	at org.eclipse.jetty.servlet.ServletHandler.doHandle(ServletHandler.java:533)
	at org.eclipse.jetty.server.handler.ScopedHandler.handle(ScopedHandler.java:146)
	at org.eclipse.jetty.security.SecurityHandler.handle(SecurityHandler.java:548)
	at org.eclipse.jetty.server.handler.HandlerWrapper.handle(HandlerWrapper.java:132)
	at org.eclipse.jetty.server.handler.ScopedHandler.nextHandle(ScopedHandler.java:257)
	at org.eclipse.jetty.server.session.SessionHandler.doHandle(SessionHandler.java:1595)
	at org.eclipse.jetty.server.handler.ScopedHandler.nextHandle(ScopedHandler.java:255)
	at org.eclipse.jetty.server.handler.ContextHandler.doHandle(ContextHandler.java:1340)
	at org.eclipse.jetty.server.handler.ScopedHandler.nextScope(ScopedHandler.java:203)
	at org.eclipse.jetty.servlet.ServletHandler.doScope(ServletHandler.java:473)
	at org.eclipse.jetty.server.session.SessionHandler.doScope(SessionHandler.java:1564)
	at org.eclipse.jetty.server.handler.ScopedHandler.nextScope(ScopedHandler.java:201)
	at org.eclipse.jetty.server.handler.ContextHandler.doScope(ContextHandler.java:1242)
	at org.eclipse.jetty.server.handler.ScopedHandler.handle(ScopedHandler.java:144)
	at org.eclipse.jetty.server.handler.HandlerWrapper.handle(HandlerWrapper.java:132)
	at org.eclipse.jetty.server.Server.handle(Server.java:503)
	at org.eclipse.jetty.server.HttpChannel.handle(HttpChannel.java:364)
	at org.eclipse.jetty.server.HttpConnection.onFillable(HttpConnection.java:260)
	at org.eclipse.jetty.io.AbstractConnection$ReadCallback.succeeded(AbstractConnection.java:305)
	at org.eclipse.jetty.io.FillInterest.fillable(FillInterest.java:103)
	at org.eclipse.jetty.io.ChannelEndPoint$2.run(ChannelEndPoint.java:118)
	at org.eclipse.jetty.util.thread.QueuedThreadPool.runJob(QueuedThreadPool.java:765)
	at org.eclipse.jetty.util.thread.QueuedThreadPool$2.run(QueuedThreadPool.java:683)
	at java.base/java.lang.Thread.run(Thread.java:844)
Caused by: java.sql.SQLException: Parameter index out of range (1 > number of parameters, which is 0).
	at com.mysql.jdbc.SQLError.createSQLException(SQLError.java:964)
	at com.mysql.jdbc.SQLError.createSQLException(SQLError.java:897)
	at com.mysql.jdbc.SQLError.createSQLException(SQLError.java:886)
	at com.mysql.jdbc.SQLError.createSQLException(SQLError.java:860)
	at com.mysql.jdbc.PreparedStatement.checkBounds(PreparedStatement.java:3327)
	at com.mysql.jdbc.PreparedStatement.setInternal(PreparedStatement.java:3312)
	at com.mysql.jdbc.PreparedStatement.setString(PreparedStatement.java:4027)
	at com.mysql.jdbc.PreparedStatement.setObject(PreparedStatement.java:3531)
	at com.mysql.jdbc.JDBC42PreparedStatement.setObject(JDBC42PreparedStatement.java:68)
	at com.alibaba.druid.pool.DruidPooledPreparedStatement.setObject(DruidPooledPreparedStatement.java:476)
	at com.jfinal.plugin.activerecord.dialect.Dialect.fillStatement(Dialect.java:226)
	at com.jfinal.plugin.activerecord.Model.find(Model.java:642)
	at com.jfinal.plugin.activerecord.Model.find(Model.java:660)
	... 41 more

2018-11-17 15:35:20
[ERROR]-[Thread: qtp1039949752-20]-[com.jfinal.core.ActionHandler.handle()]: /
com.jfinal.plugin.activerecord.ActiveRecordException: java.sql.SQLException: Parameter index out of range (1 > number of parameters, which is 0).
	at com.jfinal.plugin.activerecord.Model.find(Model.java:662)
	at com.cdqblog.dao.ArticleDAO.getArticleByHotArticle(ArticleDAO.java:16)
	at com.cdqblog.service.impl.ArticleServiceImpl.getArticleById(ArticleServiceImpl.java:25)
	at com.cdqblog.service.impl.ArticleServiceImpl$$EnhancerByCGLIB$$a5124cc1.CGLIB$getArticleById$1(<generated>)
	at com.cdqblog.service.impl.ArticleServiceImpl$$EnhancerByCGLIB$$a5124cc1$$FastClassByCGLIB$$75cbb40d.invoke(<generated>)
	at net.sf.cglib.proxy.MethodProxy.invokeSuper(MethodProxy.java:228)
	at com.jfinal.aop.Invocation.invoke(Invocation.java:84)
	at com.jfinal.aop.Callback.intercept(Callback.java:96)
	at com.cdqblog.service.impl.ArticleServiceImpl$$EnhancerByCGLIB$$a5124cc1.getArticleById(<generated>)
	at com.cdqblog.controller.IndexController.index(IndexController.java:28)
	at java.base/jdk.internal.reflect.NativeMethodAccessorImpl.invoke0(Native Method)
	at java.base/jdk.internal.reflect.NativeMethodAccessorImpl.invoke(NativeMethodAccessorImpl.java:62)
	at java.base/jdk.internal.reflect.DelegatingMethodAccessorImpl.invoke(DelegatingMethodAccessorImpl.java:43)
	at java.base/java.lang.reflect.Method.invoke(Method.java:564)
	at com.jfinal.aop.Invocation.invoke(Invocation.java:75)
	at com.jfinal.core.ActionHandler.handle(ActionHandler.java:81)
	at com.jfinal.core.JFinalFilter.doFilter(JFinalFilter.java:86)
	at org.eclipse.jetty.servlet.ServletHandler$CachedChain.doFilter(ServletHandler.java:1634)
	at org.eclipse.jetty.servlet.ServletHandler.doHandle(ServletHandler.java:533)
	at org.eclipse.jetty.server.handler.ScopedHandler.handle(ScopedHandler.java:146)
	at org.eclipse.jetty.security.SecurityHandler.handle(SecurityHandler.java:548)
	at org.eclipse.jetty.server.handler.HandlerWrapper.handle(HandlerWrapper.java:132)
	at org.eclipse.jetty.server.handler.ScopedHandler.nextHandle(ScopedHandler.java:257)
	at org.eclipse.jetty.server.session.SessionHandler.doHandle(SessionHandler.java:1595)
	at org.eclipse.jetty.server.handler.ScopedHandler.nextHandle(ScopedHandler.java:255)
	at org.eclipse.jetty.server.handler.ContextHandler.doHandle(ContextHandler.java:1340)
	at org.eclipse.jetty.server.handler.ScopedHandler.nextScope(ScopedHandler.java:203)
	at org.eclipse.jetty.servlet.ServletHandler.doScope(ServletHandler.java:473)
	at org.eclipse.jetty.server.session.SessionHandler.doScope(SessionHandler.java:1564)
	at org.eclipse.jetty.server.handler.ScopedHandler.nextScope(ScopedHandler.java:201)
	at org.eclipse.jetty.server.handler.ContextHandler.doScope(ContextHandler.java:1242)
	at org.eclipse.jetty.server.handler.ScopedHandler.handle(ScopedHandler.java:144)
	at org.eclipse.jetty.server.handler.HandlerWrapper.handle(HandlerWrapper.java:132)
	at org.eclipse.jetty.server.Server.handle(Server.java:503)
	at org.eclipse.jetty.server.HttpChannel.handle(HttpChannel.java:364)
	at org.eclipse.jetty.server.HttpConnection.onFillable(HttpConnection.java:260)
	at org.eclipse.jetty.io.AbstractConnection$ReadCallback.succeeded(AbstractConnection.java:305)
	at org.eclipse.jetty.io.FillInterest.fillable(FillInterest.java:103)
	at org.eclipse.jetty.io.ChannelEndPoint$2.run(ChannelEndPoint.java:118)
	at org.eclipse.jetty.util.thread.QueuedThreadPool.runJob(QueuedThreadPool.java:765)
	at org.eclipse.jetty.util.thread.QueuedThreadPool$2.run(QueuedThreadPool.java:683)
	at java.base/java.lang.Thread.run(Thread.java:844)
Caused by: java.sql.SQLException: Parameter index out of range (1 > number of parameters, which is 0).
	at com.mysql.jdbc.SQLError.createSQLException(SQLError.java:964)
	at com.mysql.jdbc.SQLError.createSQLException(SQLError.java:897)
	at com.mysql.jdbc.SQLError.createSQLException(SQLError.java:886)
	at com.mysql.jdbc.SQLError.createSQLException(SQLError.java:860)
	at com.mysql.jdbc.PreparedStatement.checkBounds(PreparedStatement.java:3327)
	at com.mysql.jdbc.PreparedStatement.setInternal(PreparedStatement.java:3312)
	at com.mysql.jdbc.PreparedStatement.setString(PreparedStatement.java:4027)
	at com.mysql.jdbc.PreparedStatement.setObject(PreparedStatement.java:3531)
	at com.mysql.jdbc.JDBC42PreparedStatement.setObject(JDBC42PreparedStatement.java:68)
	at com.alibaba.druid.pool.DruidPooledPreparedStatement.setObject(DruidPooledPreparedStatement.java:476)
	at com.jfinal.plugin.activerecord.dialect.Dialect.fillStatement(Dialect.java:226)
	at com.jfinal.plugin.activerecord.Model.find(Model.java:642)
	at com.jfinal.plugin.activerecord.Model.find(Model.java:660)
	... 41 more

2018-11-17 15:36:31
[ERROR]-[Thread: qtp428910174-20]-[com.jfinal.core.ActionHandler.handle()]: /
com.jfinal.plugin.activerecord.ActiveRecordException: java.sql.SQLException: Parameter index out of range (1 > number of parameters, which is 0).
	at com.jfinal.plugin.activerecord.Model.find(Model.java:662)
	at com.cdqblog.dao.ArticleDAO.getArticleByHotArticle(ArticleDAO.java:16)
	at com.cdqblog.service.impl.ArticleServiceImpl.getArticleById(ArticleServiceImpl.java:25)
	at com.cdqblog.service.impl.ArticleServiceImpl$$EnhancerByCGLIB$$a5124cc1.CGLIB$getArticleById$0(<generated>)
	at com.cdqblog.service.impl.ArticleServiceImpl$$EnhancerByCGLIB$$a5124cc1$$FastClassByCGLIB$$75cbb40d.invoke(<generated>)
	at net.sf.cglib.proxy.MethodProxy.invokeSuper(MethodProxy.java:228)
	at com.jfinal.aop.Invocation.invoke(Invocation.java:84)
	at com.jfinal.aop.Callback.intercept(Callback.java:96)
	at com.cdqblog.service.impl.ArticleServiceImpl$$EnhancerByCGLIB$$a5124cc1.getArticleById(<generated>)
	at com.cdqblog.controller.IndexController.index(IndexController.java:28)
	at java.base/jdk.internal.reflect.NativeMethodAccessorImpl.invoke0(Native Method)
	at java.base/jdk.internal.reflect.NativeMethodAccessorImpl.invoke(NativeMethodAccessorImpl.java:62)
	at java.base/jdk.internal.reflect.DelegatingMethodAccessorImpl.invoke(DelegatingMethodAccessorImpl.java:43)
	at java.base/java.lang.reflect.Method.invoke(Method.java:564)
	at com.jfinal.aop.Invocation.invoke(Invocation.java:75)
	at com.jfinal.core.ActionHandler.handle(ActionHandler.java:81)
	at com.jfinal.core.JFinalFilter.doFilter(JFinalFilter.java:86)
	at org.eclipse.jetty.servlet.ServletHandler$CachedChain.doFilter(ServletHandler.java:1634)
	at org.eclipse.jetty.servlet.ServletHandler.doHandle(ServletHandler.java:533)
	at org.eclipse.jetty.server.handler.ScopedHandler.handle(ScopedHandler.java:146)
	at org.eclipse.jetty.security.SecurityHandler.handle(SecurityHandler.java:548)
	at org.eclipse.jetty.server.handler.HandlerWrapper.handle(HandlerWrapper.java:132)
	at org.eclipse.jetty.server.handler.ScopedHandler.nextHandle(ScopedHandler.java:257)
	at org.eclipse.jetty.server.session.SessionHandler.doHandle(SessionHandler.java:1595)
	at org.eclipse.jetty.server.handler.ScopedHandler.nextHandle(ScopedHandler.java:255)
	at org.eclipse.jetty.server.handler.ContextHandler.doHandle(ContextHandler.java:1340)
	at org.eclipse.jetty.server.handler.ScopedHandler.nextScope(ScopedHandler.java:203)
	at org.eclipse.jetty.servlet.ServletHandler.doScope(ServletHandler.java:473)
	at org.eclipse.jetty.server.session.SessionHandler.doScope(SessionHandler.java:1564)
	at org.eclipse.jetty.server.handler.ScopedHandler.nextScope(ScopedHandler.java:201)
	at org.eclipse.jetty.server.handler.ContextHandler.doScope(ContextHandler.java:1242)
	at org.eclipse.jetty.server.handler.ScopedHandler.handle(ScopedHandler.java:144)
	at org.eclipse.jetty.server.handler.HandlerWrapper.handle(HandlerWrapper.java:132)
	at org.eclipse.jetty.server.Server.handle(Server.java:503)
	at org.eclipse.jetty.server.HttpChannel.handle(HttpChannel.java:364)
	at org.eclipse.jetty.server.HttpConnection.onFillable(HttpConnection.java:260)
	at org.eclipse.jetty.io.AbstractConnection$ReadCallback.succeeded(AbstractConnection.java:305)
	at org.eclipse.jetty.io.FillInterest.fillable(FillInterest.java:103)
	at org.eclipse.jetty.io.ChannelEndPoint$2.run(ChannelEndPoint.java:118)
	at org.eclipse.jetty.util.thread.QueuedThreadPool.runJob(QueuedThreadPool.java:765)
	at org.eclipse.jetty.util.thread.QueuedThreadPool$2.run(QueuedThreadPool.java:683)
	at java.base/java.lang.Thread.run(Thread.java:844)
Caused by: java.sql.SQLException: Parameter index out of range (1 > number of parameters, which is 0).
	at com.mysql.jdbc.SQLError.createSQLException(SQLError.java:964)
	at com.mysql.jdbc.SQLError.createSQLException(SQLError.java:897)
	at com.mysql.jdbc.SQLError.createSQLException(SQLError.java:886)
	at com.mysql.jdbc.SQLError.createSQLException(SQLError.java:860)
	at com.mysql.jdbc.PreparedStatement.checkBounds(PreparedStatement.java:3327)
	at com.mysql.jdbc.PreparedStatement.setInternal(PreparedStatement.java:3312)
	at com.mysql.jdbc.PreparedStatement.setString(PreparedStatement.java:4027)
	at com.mysql.jdbc.PreparedStatement.setObject(PreparedStatement.java:3531)
	at com.mysql.jdbc.JDBC42PreparedStatement.setObject(JDBC42PreparedStatement.java:68)
	at com.alibaba.druid.pool.DruidPooledPreparedStatement.setObject(DruidPooledPreparedStatement.java:476)
	at com.jfinal.plugin.activerecord.dialect.Dialect.fillStatement(Dialect.java:226)
	at com.jfinal.plugin.activerecord.Model.find(Model.java:642)
	at com.jfinal.plugin.activerecord.Model.find(Model.java:660)
	... 41 more

2018-11-17 15:36:52
[ERROR]-[Thread: qtp1039949752-23]-[com.jfinal.core.ActionHandler.handle()]: /
com.jfinal.plugin.activerecord.ActiveRecordException: java.sql.SQLException: Parameter index out of range (1 > number of parameters, which is 0).
	at com.jfinal.plugin.activerecord.Model.find(Model.java:662)
	at com.cdqblog.dao.ArticleDAO.getArticleByHotArticle(ArticleDAO.java:16)
	at com.cdqblog.service.impl.ArticleServiceImpl.getArticleById(ArticleServiceImpl.java:25)
	at com.cdqblog.service.impl.ArticleServiceImpl$$EnhancerByCGLIB$$a5124cc1.CGLIB$getArticleById$0(<generated>)
	at com.cdqblog.service.impl.ArticleServiceImpl$$EnhancerByCGLIB$$a5124cc1$$FastClassByCGLIB$$75cbb40d.invoke(<generated>)
	at net.sf.cglib.proxy.MethodProxy.invokeSuper(MethodProxy.java:228)
	at com.jfinal.aop.Invocation.invoke(Invocation.java:84)
	at com.jfinal.aop.Callback.intercept(Callback.java:96)
	at com.cdqblog.service.impl.ArticleServiceImpl$$EnhancerByCGLIB$$a5124cc1.getArticleById(<generated>)
	at com.cdqblog.controller.IndexController.index(IndexController.java:28)
	at java.base/jdk.internal.reflect.NativeMethodAccessorImpl.invoke0(Native Method)
	at java.base/jdk.internal.reflect.NativeMethodAccessorImpl.invoke(NativeMethodAccessorImpl.java:62)
	at java.base/jdk.internal.reflect.DelegatingMethodAccessorImpl.invoke(DelegatingMethodAccessorImpl.java:43)
	at java.base/java.lang.reflect.Method.invoke(Method.java:564)
	at com.jfinal.aop.Invocation.invoke(Invocation.java:75)
	at com.jfinal.core.ActionHandler.handle(ActionHandler.java:81)
	at com.jfinal.core.JFinalFilter.doFilter(JFinalFilter.java:86)
	at org.eclipse.jetty.servlet.ServletHandler$CachedChain.doFilter(ServletHandler.java:1634)
	at org.eclipse.jetty.servlet.ServletHandler.doHandle(ServletHandler.java:533)
	at org.eclipse.jetty.server.handler.ScopedHandler.handle(ScopedHandler.java:146)
	at org.eclipse.jetty.security.SecurityHandler.handle(SecurityHandler.java:548)
	at org.eclipse.jetty.server.handler.HandlerWrapper.handle(HandlerWrapper.java:132)
	at org.eclipse.jetty.server.handler.ScopedHandler.nextHandle(ScopedHandler.java:257)
	at org.eclipse.jetty.server.session.SessionHandler.doHandle(SessionHandler.java:1595)
	at org.eclipse.jetty.server.handler.ScopedHandler.nextHandle(ScopedHandler.java:255)
	at org.eclipse.jetty.server.handler.ContextHandler.doHandle(ContextHandler.java:1340)
	at org.eclipse.jetty.server.handler.ScopedHandler.nextScope(ScopedHandler.java:203)
	at org.eclipse.jetty.servlet.ServletHandler.doScope(ServletHandler.java:473)
	at org.eclipse.jetty.server.session.SessionHandler.doScope(SessionHandler.java:1564)
	at org.eclipse.jetty.server.handler.ScopedHandler.nextScope(ScopedHandler.java:201)
	at org.eclipse.jetty.server.handler.ContextHandler.doScope(ContextHandler.java:1242)
	at org.eclipse.jetty.server.handler.ScopedHandler.handle(ScopedHandler.java:144)
	at org.eclipse.jetty.server.handler.HandlerWrapper.handle(HandlerWrapper.java:132)
	at org.eclipse.jetty.server.Server.handle(Server.java:503)
	at org.eclipse.jetty.server.HttpChannel.handle(HttpChannel.java:364)
	at org.eclipse.jetty.server.HttpConnection.onFillable(HttpConnection.java:260)
	at org.eclipse.jetty.io.AbstractConnection$ReadCallback.succeeded(AbstractConnection.java:305)
	at org.eclipse.jetty.io.FillInterest.fillable(FillInterest.java:103)
	at org.eclipse.jetty.io.ChannelEndPoint$2.run(ChannelEndPoint.java:118)
	at org.eclipse.jetty.util.thread.QueuedThreadPool.runJob(QueuedThreadPool.java:765)
	at org.eclipse.jetty.util.thread.QueuedThreadPool$2.run(QueuedThreadPool.java:683)
	at java.base/java.lang.Thread.run(Thread.java:844)
Caused by: java.sql.SQLException: Parameter index out of range (1 > number of parameters, which is 0).
	at com.mysql.jdbc.SQLError.createSQLException(SQLError.java:964)
	at com.mysql.jdbc.SQLError.createSQLException(SQLError.java:897)
	at com.mysql.jdbc.SQLError.createSQLException(SQLError.java:886)
	at com.mysql.jdbc.SQLError.createSQLException(SQLError.java:860)
	at com.mysql.jdbc.PreparedStatement.checkBounds(PreparedStatement.java:3327)
	at com.mysql.jdbc.PreparedStatement.setInternal(PreparedStatement.java:3312)
	at com.mysql.jdbc.PreparedStatement.setString(PreparedStatement.java:4027)
	at com.mysql.jdbc.PreparedStatement.setObject(PreparedStatement.java:3531)
	at com.mysql.jdbc.JDBC42PreparedStatement.setObject(JDBC42PreparedStatement.java:68)
	at com.alibaba.druid.pool.DruidPooledPreparedStatement.setObject(DruidPooledPreparedStatement.java:476)
	at com.jfinal.plugin.activerecord.dialect.Dialect.fillStatement(Dialect.java:226)
	at com.jfinal.plugin.activerecord.Model.find(Model.java:642)
	at com.jfinal.plugin.activerecord.Model.find(Model.java:660)
	... 41 more
