
2019-01-15 13:22:06
[ERROR]-[Thread: qtp1039949752-16]-[com.jfinal.core.ActionHandler.handle()]: /test/getPage
java.lang.NullPointerException
	at com.cdqblog.service.impl.TestServiceImpl.getPage(TestServiceImpl.java:13)
	at com.cdqblog.service.impl.TestServiceImpl$$EnhancerByCGLIB$$e4c66645.CGLIB$getPage$0(<generated>)
	at com.cdqblog.service.impl.TestServiceImpl$$EnhancerByCGLIB$$e4c66645$$FastClassByCGLIB$$13f85772.invoke(<generated>)
	at net.sf.cglib.proxy.MethodProxy.invokeSuper(MethodProxy.java:228)
	at com.jfinal.aop.Invocation.invoke(Invocation.java:84)
	at com.jfinal.aop.Callback.intercept(Callback.java:96)
	at com.cdqblog.service.impl.TestServiceImpl$$EnhancerByCGLIB$$e4c66645.getPage(<generated>)
	at com.cdqblog.controller.TestController.getPage(TestController.java:15)
	at java.base/jdk.internal.reflect.NativeMethodAccessorImpl.invoke0(Native Method)
	at java.base/jdk.internal.reflect.NativeMethodAccessorImpl.invoke(NativeMethodAccessorImpl.java:62)
	at java.base/jdk.internal.reflect.DelegatingMethodAccessorImpl.invoke(DelegatingMethodAccessorImpl.java:43)
	at java.base/java.lang.reflect.Method.invoke(Method.java:564)
	at com.jfinal.aop.Invocation.invoke(Invocation.java:75)
	at com.jfinal.core.ActionHandler.handle(ActionHandler.java:81)
	at com.jfinal.core.JFinalFilter.doFilter(JFinalFilter.java:86)
	at org.eclipse.jetty.servlet.ServletHandler$CachedChain.doFilter(ServletHandler.java:1634)
	at org.eclipse.jetty.servlet.ServletHandler.doHandle(ServletHandler.java:533)
	at org.eclipse.jetty.server.handler.ScopedHandler.handle(ScopedHandler.java:146)
	at org.eclipse.jetty.security.SecurityHandler.handle(SecurityHandler.java:548)
	at org.eclipse.jetty.server.handler.HandlerWrapper.handle(HandlerWrapper.java:132)
	at org.eclipse.jetty.server.handler.ScopedHandler.nextHandle(ScopedHandler.java:257)
	at org.eclipse.jetty.server.session.SessionHandler.doHandle(SessionHandler.java:1595)
	at org.eclipse.jetty.server.handler.ScopedHandler.nextHandle(ScopedHandler.java:255)
	at org.eclipse.jetty.server.handler.ContextHandler.doHandle(ContextHandler.java:1340)
	at org.eclipse.jetty.server.handler.ScopedHandler.nextScope(ScopedHandler.java:203)
	at org.eclipse.jetty.servlet.ServletHandler.doScope(ServletHandler.java:473)
	at org.eclipse.jetty.server.session.SessionHandler.doScope(SessionHandler.java:1564)
	at org.eclipse.jetty.server.handler.ScopedHandler.nextScope(ScopedHandler.java:201)
	at org.eclipse.jetty.server.handler.ContextHandler.doScope(ContextHandler.java:1242)
	at org.eclipse.jetty.server.handler.ScopedHandler.handle(ScopedHandler.java:144)
	at org.eclipse.jetty.server.handler.HandlerWrapper.handle(HandlerWrapper.java:132)
	at org.eclipse.jetty.server.Server.handle(Server.java:503)
	at org.eclipse.jetty.server.HttpChannel.handle(HttpChannel.java:364)
	at org.eclipse.jetty.server.HttpConnection.onFillable(HttpConnection.java:260)
	at org.eclipse.jetty.io.AbstractConnection$ReadCallback.succeeded(AbstractConnection.java:305)
	at org.eclipse.jetty.io.FillInterest.fillable(FillInterest.java:103)
	at org.eclipse.jetty.io.ChannelEndPoint$2.run(ChannelEndPoint.java:118)
	at org.eclipse.jetty.util.thread.strategy.EatWhatYouKill.runTask(EatWhatYouKill.java:333)
	at org.eclipse.jetty.util.thread.strategy.EatWhatYouKill.doProduce(EatWhatYouKill.java:310)
	at org.eclipse.jetty.util.thread.strategy.EatWhatYouKill.tryProduce(EatWhatYouKill.java:168)
	at org.eclipse.jetty.util.thread.strategy.EatWhatYouKill.produce(EatWhatYouKill.java:132)
	at org.eclipse.jetty.util.thread.QueuedThreadPool.runJob(QueuedThreadPool.java:765)
	at org.eclipse.jetty.util.thread.QueuedThreadPool$2.run(QueuedThreadPool.java:683)
	at java.base/java.lang.Thread.run(Thread.java:844)

2019-03-11 16:49:32
[ERROR]-[Thread: main]-[com.jfinal.kit.LogKit.error()]: port: 80 already in use!
java.lang.IllegalStateException: port: 80 already in use!
	at com.jfinal.server.jetty.JettyServer.doStart(JettyServer.java:86)
	at com.jfinal.server.jetty.JettyServer.start(JettyServer.java:69)
	at com.jfinal.core.JFinal.start(JFinal.java:160)
	at com.cdqblog.Config.main(Config.java:32)
