
2018-11-16 16:39:10
[ERROR]-[Thread: main]-[com.jfinal.kit.LogKit.error()]: Can not create instance of class: com.demo.common.DemoConfig
java.lang.RuntimeException: Can not create instance of class: com.demo.common.DemoConfig
	at com.jfinal.core.JFinalFilter.createJFinalConfig(JFinalFilter.java:116)
	at com.jfinal.core.JFinalFilter.init(JFinalFilter.java:59)
	at org.eclipse.jetty.servlet.FilterHolder.initialize(FilterHolder.java:139)
	at org.eclipse.jetty.servlet.ServletHandler.initialize(ServletHandler.java:741)
	at org.eclipse.jetty.servlet.ServletContextHandler.startContext(ServletContextHandler.java:374)
	at org.eclipse.jetty.webapp.WebAppContext.startWebapp(WebAppContext.java:1497)
	at org.eclipse.jetty.webapp.WebAppContext.startContext(WebAppContext.java:1459)
	at org.eclipse.jetty.server.handler.ContextHandler.doStart(ContextHandler.java:847)
	at org.eclipse.jetty.servlet.ServletContextHandler.doStart(ServletContextHandler.java:287)
	at org.eclipse.jetty.webapp.WebAppContext.doStart(WebAppContext.java:545)
	at org.eclipse.jetty.util.component.AbstractLifeCycle.start(AbstractLifeCycle.java:68)
	at org.eclipse.jetty.util.component.ContainerLifeCycle.start(ContainerLifeCycle.java:138)
	at org.eclipse.jetty.server.Server.start(Server.java:416)
	at org.eclipse.jetty.util.component.ContainerLifeCycle.doStart(ContainerLifeCycle.java:108)
	at org.eclipse.jetty.server.handler.AbstractHandler.doStart(AbstractHandler.java:113)
	at org.eclipse.jetty.server.Server.doStart(Server.java:383)
	at org.eclipse.jetty.util.component.AbstractLifeCycle.start(AbstractLifeCycle.java:68)
	at com.jfinal.server.jetty.JettyServer.doStart(JettyServer.java:148)
	at com.jfinal.server.jetty.JettyServer.start(JettyServer.java:69)
	at com.jfinal.core.JFinal.start(JFinal.java:160)
	at com.cdqblog.Config.main(Config.java:31)
Caused by: java.lang.ClassNotFoundException: com.demo.common.DemoConfig
	at java.base/jdk.internal.loader.BuiltinClassLoader.loadClass(BuiltinClassLoader.java:582)
	at java.base/jdk.internal.loader.ClassLoaders$AppClassLoader.loadClass(ClassLoaders.java:190)
	at java.base/java.lang.ClassLoader.loadClass(ClassLoader.java:499)
	at org.eclipse.jetty.webapp.WebAppClassLoader.loadClass(WebAppClassLoader.java:565)
	at com.jfinal.server.jetty.JFinalClassLoader.loadClass(JFinalClassLoader.java:60)
	at java.base/java.lang.Class.forName0(Native Method)
	at java.base/java.lang.Class.forName(Class.java:291)
	at com.jfinal.core.JFinalFilter.createJFinalConfig(JFinalFilter.java:114)
	... 20 more

2018-11-16 16:39:40
[ERROR]-[Thread: main]-[com.jfinal.kit.LogKit.error()]: Can not create instance of class: com.demo.common.Config
java.lang.RuntimeException: Can not create instance of class: com.demo.common.Config
	at com.jfinal.core.JFinalFilter.createJFinalConfig(JFinalFilter.java:116)
	at com.jfinal.core.JFinalFilter.init(JFinalFilter.java:59)
	at org.eclipse.jetty.servlet.FilterHolder.initialize(FilterHolder.java:139)
	at org.eclipse.jetty.servlet.ServletHandler.initialize(ServletHandler.java:741)
	at org.eclipse.jetty.servlet.ServletContextHandler.startContext(ServletContextHandler.java:374)
	at org.eclipse.jetty.webapp.WebAppContext.startWebapp(WebAppContext.java:1497)
	at org.eclipse.jetty.webapp.WebAppContext.startContext(WebAppContext.java:1459)
	at org.eclipse.jetty.server.handler.ContextHandler.doStart(ContextHandler.java:847)
	at org.eclipse.jetty.servlet.ServletContextHandler.doStart(ServletContextHandler.java:287)
	at org.eclipse.jetty.webapp.WebAppContext.doStart(WebAppContext.java:545)
	at org.eclipse.jetty.util.component.AbstractLifeCycle.start(AbstractLifeCycle.java:68)
	at org.eclipse.jetty.util.component.ContainerLifeCycle.start(ContainerLifeCycle.java:138)
	at org.eclipse.jetty.server.Server.start(Server.java:416)
	at org.eclipse.jetty.util.component.ContainerLifeCycle.doStart(ContainerLifeCycle.java:108)
	at org.eclipse.jetty.server.handler.AbstractHandler.doStart(AbstractHandler.java:113)
	at org.eclipse.jetty.server.Server.doStart(Server.java:383)
	at org.eclipse.jetty.util.component.AbstractLifeCycle.start(AbstractLifeCycle.java:68)
	at com.jfinal.server.jetty.JettyServer.doStart(JettyServer.java:148)
	at com.jfinal.server.jetty.JettyServer.start(JettyServer.java:69)
	at com.jfinal.core.JFinal.start(JFinal.java:160)
	at com.cdqblog.Config.main(Config.java:31)
Caused by: java.lang.ClassNotFoundException: com.demo.common.Config
	at java.base/jdk.internal.loader.BuiltinClassLoader.loadClass(BuiltinClassLoader.java:582)
	at java.base/jdk.internal.loader.ClassLoaders$AppClassLoader.loadClass(ClassLoaders.java:190)
	at java.base/java.lang.ClassLoader.loadClass(ClassLoader.java:499)
	at org.eclipse.jetty.webapp.WebAppClassLoader.loadClass(WebAppClassLoader.java:565)
	at com.jfinal.server.jetty.JFinalClassLoader.loadClass(JFinalClassLoader.java:60)
	at java.base/java.lang.Class.forName0(Native Method)
	at java.base/java.lang.Class.forName(Class.java:291)
	at com.jfinal.core.JFinalFilter.createJFinalConfig(JFinalFilter.java:114)
	... 20 more

2018-11-16 16:39:55
[ERROR]-[Thread: main]-[com.jfinal.kit.LogKit.error()]: Properties file not found in classpath: global_config.properties
java.lang.IllegalArgumentException: Properties file not found in classpath: global_config.properties
	at com.jfinal.kit.Prop.<init>(Prop.java:66)
	at com.jfinal.kit.PropKit.use(PropKit.java:64)
	at com.jfinal.kit.PropKit.use(PropKit.java:38)
	at com.cdqblog.Config.configConstant(Config.java:44)
	at com.jfinal.core.Config.configJFinal(Config.java:51)
	at com.jfinal.core.JFinal.init(JFinal.java:61)
	at com.jfinal.core.JFinalFilter.init(JFinalFilter.java:62)
	at org.eclipse.jetty.servlet.FilterHolder.initialize(FilterHolder.java:139)
	at org.eclipse.jetty.servlet.ServletHandler.initialize(ServletHandler.java:741)
	at org.eclipse.jetty.servlet.ServletContextHandler.startContext(ServletContextHandler.java:374)
	at org.eclipse.jetty.webapp.WebAppContext.startWebapp(WebAppContext.java:1497)
	at org.eclipse.jetty.webapp.WebAppContext.startContext(WebAppContext.java:1459)
	at org.eclipse.jetty.server.handler.ContextHandler.doStart(ContextHandler.java:847)
	at org.eclipse.jetty.servlet.ServletContextHandler.doStart(ServletContextHandler.java:287)
	at org.eclipse.jetty.webapp.WebAppContext.doStart(WebAppContext.java:545)
	at org.eclipse.jetty.util.component.AbstractLifeCycle.start(AbstractLifeCycle.java:68)
	at org.eclipse.jetty.util.component.ContainerLifeCycle.start(ContainerLifeCycle.java:138)
	at org.eclipse.jetty.server.Server.start(Server.java:416)
	at org.eclipse.jetty.util.component.ContainerLifeCycle.doStart(ContainerLifeCycle.java:108)
	at org.eclipse.jetty.server.handler.AbstractHandler.doStart(AbstractHandler.java:113)
	at org.eclipse.jetty.server.Server.doStart(Server.java:383)
	at org.eclipse.jetty.util.component.AbstractLifeCycle.start(AbstractLifeCycle.java:68)
	at com.jfinal.server.jetty.JettyServer.doStart(JettyServer.java:148)
	at com.jfinal.server.jetty.JettyServer.start(JettyServer.java:69)
	at com.jfinal.core.JFinal.start(JFinal.java:160)
	at com.cdqblog.Config.main(Config.java:31)

2018-11-16 16:53:32
[ERROR]-[Thread: qtp1039949752-21]-[com.jfinal.core.ActionHandler.handle()]: /
com.jfinal.plugin.activerecord.ActiveRecordException: com.jfinal.plugin.activerecord.ActiveRecordException: pageNumber and pageSize must more than 0
	at com.jfinal.plugin.activerecord.Model.doPaginate(Model.java:435)
	at com.jfinal.plugin.activerecord.Model.paginate(Model.java:411)
	at com.cdqblog.dao.ArticleDAO.getArticle(ArticleDAO.java:9)
	at com.cdqblog.service.impl.ArticleServiceImpl.getArticle(ArticleServiceImpl.java:18)
	at com.cdqblog.service.impl.ArticleServiceImpl$$EnhancerByCGLIB$$a5124cc1.CGLIB$getArticle$0(<generated>)
	at com.cdqblog.service.impl.ArticleServiceImpl$$EnhancerByCGLIB$$a5124cc1$$FastClassByCGLIB$$75cbb40d.invoke(<generated>)
	at net.sf.cglib.proxy.MethodProxy.invokeSuper(MethodProxy.java:228)
	at com.jfinal.aop.Invocation.invoke(Invocation.java:84)
	at com.jfinal.aop.Callback.intercept(Callback.java:96)
	at com.cdqblog.service.impl.ArticleServiceImpl$$EnhancerByCGLIB$$a5124cc1.getArticle(<generated>)
	at com.cdqblog.controller.IndexController.index(IndexController.java:17)
	at java.base/jdk.internal.reflect.NativeMethodAccessorImpl.invoke0(Native Method)
	at java.base/jdk.internal.reflect.NativeMethodAccessorImpl.invoke(NativeMethodAccessorImpl.java:62)
	at java.base/jdk.internal.reflect.DelegatingMethodAccessorImpl.invoke(DelegatingMethodAccessorImpl.java:43)
	at java.base/java.lang.reflect.Method.invoke(Method.java:564)
	at com.jfinal.aop.Invocation.invoke(Invocation.java:75)
	at com.jfinal.core.ActionHandler.handle(ActionHandler.java:81)
	at com.jfinal.core.JFinalFilter.doFilter(JFinalFilter.java:86)
	at org.eclipse.jetty.servlet.ServletHandler$CachedChain.doFilter(ServletHandler.java:1634)
	at org.eclipse.jetty.servlet.ServletHandler.doHandle(ServletHandler.java:533)
	at org.eclipse.jetty.server.handler.ScopedHandler.handle(ScopedHandler.java:146)
	at org.eclipse.jetty.security.SecurityHandler.handle(SecurityHandler.java:548)
	at org.eclipse.jetty.server.handler.HandlerWrapper.handle(HandlerWrapper.java:132)
	at org.eclipse.jetty.server.handler.ScopedHandler.nextHandle(ScopedHandler.java:257)
	at org.eclipse.jetty.server.session.SessionHandler.doHandle(SessionHandler.java:1595)
	at org.eclipse.jetty.server.handler.ScopedHandler.nextHandle(ScopedHandler.java:255)
	at org.eclipse.jetty.server.handler.ContextHandler.doHandle(ContextHandler.java:1340)
	at org.eclipse.jetty.server.handler.ScopedHandler.nextScope(ScopedHandler.java:203)
	at org.eclipse.jetty.servlet.ServletHandler.doScope(ServletHandler.java:473)
	at org.eclipse.jetty.server.session.SessionHandler.doScope(SessionHandler.java:1564)
	at org.eclipse.jetty.server.handler.ScopedHandler.nextScope(ScopedHandler.java:201)
	at org.eclipse.jetty.server.handler.ContextHandler.doScope(ContextHandler.java:1242)
	at org.eclipse.jetty.server.handler.ScopedHandler.handle(ScopedHandler.java:144)
	at org.eclipse.jetty.server.handler.HandlerWrapper.handle(HandlerWrapper.java:132)
	at org.eclipse.jetty.server.Server.handle(Server.java:503)
	at org.eclipse.jetty.server.HttpChannel.handle(HttpChannel.java:364)
	at org.eclipse.jetty.server.HttpConnection.onFillable(HttpConnection.java:260)
	at org.eclipse.jetty.io.AbstractConnection$ReadCallback.succeeded(AbstractConnection.java:305)
	at org.eclipse.jetty.io.FillInterest.fillable(FillInterest.java:103)
	at org.eclipse.jetty.io.ChannelEndPoint$2.run(ChannelEndPoint.java:118)
	at org.eclipse.jetty.util.thread.QueuedThreadPool.runJob(QueuedThreadPool.java:765)
	at org.eclipse.jetty.util.thread.QueuedThreadPool$2.run(QueuedThreadPool.java:683)
	at java.base/java.lang.Thread.run(Thread.java:844)
Caused by: com.jfinal.plugin.activerecord.ActiveRecordException: pageNumber and pageSize must more than 0
	at com.jfinal.plugin.activerecord.Model.doPaginateByFullSql(Model.java:443)
	at com.jfinal.plugin.activerecord.Model.doPaginate(Model.java:433)
	... 42 more
